0 info it worked if it ends with ok
1 verbose cli [ 'node', '/usr/local/bin/npm', 'publish' ]
2 info using npm@1.3.14
3 info using node@v0.10.22
4 verbose publish [ '.' ]
5 verbose cache add [ '.', null ]
6 verbose cache add name=undefined spec="." args=[".",null]
7 verbose parsed url { protocol: null,
7 verbose parsed url   slashes: null,
7 verbose parsed url   auth: null,
7 verbose parsed url   host: null,
7 verbose parsed url   port: null,
7 verbose parsed url   hostname: null,
7 verbose parsed url   hash: null,
7 verbose parsed url   search: null,
7 verbose parsed url   query: null,
7 verbose parsed url   pathname: '.',
7 verbose parsed url   path: '.',
7 verbose parsed url   href: '.' }
8 silly lockFile 3a52ce78- .
9 verbose lock . /Users/craig/.npm/3a52ce78-.lock
10 verbose tar pack [ '/var/folders/33/qyt5ls6j7bs37v5c49lfx6km0000gq/T/npm-53819-ooj7cZcr/1385923747707-0.6396151608787477/tmp.tgz',
10 verbose tar pack   '.' ]
11 verbose tarball /var/folders/33/qyt5ls6j7bs37v5c49lfx6km0000gq/T/npm-53819-ooj7cZcr/1385923747707-0.6396151608787477/tmp.tgz
12 verbose folder .
13 info prepublish poolparty@0.0.3
14 silly lockFile 1f1177db-tar tar://.
15 verbose lock tar://. /Users/craig/.npm/1f1177db-tar.lock
16 silly lockFile afda5f99-47707-0-6396151608787477-tmp-tgz tar:///var/folders/33/qyt5ls6j7bs37v5c49lfx6km0000gq/T/npm-53819-ooj7cZcr/1385923747707-0.6396151608787477/tmp.tgz
17 verbose lock tar:///var/folders/33/qyt5ls6j7bs37v5c49lfx6km0000gq/T/npm-53819-ooj7cZcr/1385923747707-0.6396151608787477/tmp.tgz /Users/craig/.npm/afda5f99-47707-0-6396151608787477-tmp-tgz.lock
18 silly lockFile 1f1177db-tar tar://.
19 silly lockFile 1f1177db-tar tar://.
20 silly lockFile afda5f99-47707-0-6396151608787477-tmp-tgz tar:///var/folders/33/qyt5ls6j7bs37v5c49lfx6km0000gq/T/npm-53819-ooj7cZcr/1385923747707-0.6396151608787477/tmp.tgz
21 silly lockFile afda5f99-47707-0-6396151608787477-tmp-tgz tar:///var/folders/33/qyt5ls6j7bs37v5c49lfx6km0000gq/T/npm-53819-ooj7cZcr/1385923747707-0.6396151608787477/tmp.tgz
22 verbose tar unpack /var/folders/33/qyt5ls6j7bs37v5c49lfx6km0000gq/T/npm-53819-ooj7cZcr/1385923747707-0.6396151608787477/tmp.tgz
23 silly lockFile c189242c-47707-0-6396151608787477-package tar:///var/folders/33/qyt5ls6j7bs37v5c49lfx6km0000gq/T/npm-53819-ooj7cZcr/1385923747707-0.6396151608787477/package
24 verbose lock tar:///var/folders/33/qyt5ls6j7bs37v5c49lfx6km0000gq/T/npm-53819-ooj7cZcr/1385923747707-0.6396151608787477/package /Users/craig/.npm/c189242c-47707-0-6396151608787477-package.lock
25 silly lockFile afda5f99-47707-0-6396151608787477-tmp-tgz tar:///var/folders/33/qyt5ls6j7bs37v5c49lfx6km0000gq/T/npm-53819-ooj7cZcr/1385923747707-0.6396151608787477/tmp.tgz
26 verbose lock tar:///var/folders/33/qyt5ls6j7bs37v5c49lfx6km0000gq/T/npm-53819-ooj7cZcr/1385923747707-0.6396151608787477/tmp.tgz /Users/craig/.npm/afda5f99-47707-0-6396151608787477-tmp-tgz.lock
27 silly gunzTarPerm modes [ '755', '644' ]
28 silly gunzTarPerm extractEntry package.json
29 silly gunzTarPerm extractEntry .npmignore
30 silly gunzTarPerm extractEntry README.md
31 silly gunzTarPerm extractEntry .travis.yml
32 silly gunzTarPerm extractEntry lib/index.js
33 silly gunzTarPerm extractEntry test/poolparty-test.js
34 silly lockFile c189242c-47707-0-6396151608787477-package tar:///var/folders/33/qyt5ls6j7bs37v5c49lfx6km0000gq/T/npm-53819-ooj7cZcr/1385923747707-0.6396151608787477/package
35 silly lockFile c189242c-47707-0-6396151608787477-package tar:///var/folders/33/qyt5ls6j7bs37v5c49lfx6km0000gq/T/npm-53819-ooj7cZcr/1385923747707-0.6396151608787477/package
36 silly lockFile afda5f99-47707-0-6396151608787477-tmp-tgz tar:///var/folders/33/qyt5ls6j7bs37v5c49lfx6km0000gq/T/npm-53819-ooj7cZcr/1385923747707-0.6396151608787477/tmp.tgz
37 silly lockFile afda5f99-47707-0-6396151608787477-tmp-tgz tar:///var/folders/33/qyt5ls6j7bs37v5c49lfx6km0000gq/T/npm-53819-ooj7cZcr/1385923747707-0.6396151608787477/tmp.tgz
38 verbose tar pack [ '/Users/craig/.npm/poolparty/0.0.3/package.tgz',
38 verbose tar pack   '/var/folders/33/qyt5ls6j7bs37v5c49lfx6km0000gq/T/npm-53819-ooj7cZcr/1385923747707-0.6396151608787477/package' ]
39 verbose tarball /Users/craig/.npm/poolparty/0.0.3/package.tgz
40 verbose folder /var/folders/33/qyt5ls6j7bs37v5c49lfx6km0000gq/T/npm-53819-ooj7cZcr/1385923747707-0.6396151608787477/package
41 silly lockFile c189242c-47707-0-6396151608787477-package tar:///var/folders/33/qyt5ls6j7bs37v5c49lfx6km0000gq/T/npm-53819-ooj7cZcr/1385923747707-0.6396151608787477/package
42 verbose lock tar:///var/folders/33/qyt5ls6j7bs37v5c49lfx6km0000gq/T/npm-53819-ooj7cZcr/1385923747707-0.6396151608787477/package /Users/craig/.npm/c189242c-47707-0-6396151608787477-package.lock
43 silly lockFile fa63db4d--npm-poolparty-0-0-3-package-tgz tar:///Users/craig/.npm/poolparty/0.0.3/package.tgz
44 verbose lock tar:///Users/craig/.npm/poolparty/0.0.3/package.tgz /Users/craig/.npm/fa63db4d--npm-poolparty-0-0-3-package-tgz.lock
45 silly lockFile c189242c-47707-0-6396151608787477-package tar:///var/folders/33/qyt5ls6j7bs37v5c49lfx6km0000gq/T/npm-53819-ooj7cZcr/1385923747707-0.6396151608787477/package
46 silly lockFile c189242c-47707-0-6396151608787477-package tar:///var/folders/33/qyt5ls6j7bs37v5c49lfx6km0000gq/T/npm-53819-ooj7cZcr/1385923747707-0.6396151608787477/package
47 silly lockFile fa63db4d--npm-poolparty-0-0-3-package-tgz tar:///Users/craig/.npm/poolparty/0.0.3/package.tgz
48 silly lockFile fa63db4d--npm-poolparty-0-0-3-package-tgz tar:///Users/craig/.npm/poolparty/0.0.3/package.tgz
49 silly lockFile 6ce7ba82-raig-npm-poolparty-0-0-3-package /Users/craig/.npm/poolparty/0.0.3/package
50 verbose lock /Users/craig/.npm/poolparty/0.0.3/package /Users/craig/.npm/6ce7ba82-raig-npm-poolparty-0-0-3-package.lock
51 silly lockFile 6ce7ba82-raig-npm-poolparty-0-0-3-package /Users/craig/.npm/poolparty/0.0.3/package
52 silly lockFile 6ce7ba82-raig-npm-poolparty-0-0-3-package /Users/craig/.npm/poolparty/0.0.3/package
53 verbose tar unpack /Users/craig/.npm/poolparty/0.0.3/package.tgz
54 silly lockFile e732c778-raig-npm-poolparty-0-0-3-package tar:///Users/craig/.npm/poolparty/0.0.3/package
55 verbose lock tar:///Users/craig/.npm/poolparty/0.0.3/package /Users/craig/.npm/e732c778-raig-npm-poolparty-0-0-3-package.lock
56 silly lockFile fa63db4d--npm-poolparty-0-0-3-package-tgz tar:///Users/craig/.npm/poolparty/0.0.3/package.tgz
57 verbose lock tar:///Users/craig/.npm/poolparty/0.0.3/package.tgz /Users/craig/.npm/fa63db4d--npm-poolparty-0-0-3-package-tgz.lock
58 silly gunzTarPerm modes [ '755', '644' ]
59 silly gunzTarPerm extractEntry package.json
60 silly gunzTarPerm extractEntry .npmignore
61 silly gunzTarPerm extractEntry README.md
62 silly gunzTarPerm extractEntry .travis.yml
63 silly gunzTarPerm extractEntry lib/index.js
64 silly gunzTarPerm extractEntry test/poolparty-test.js
65 silly lockFile e732c778-raig-npm-poolparty-0-0-3-package tar:///Users/craig/.npm/poolparty/0.0.3/package
66 silly lockFile e732c778-raig-npm-poolparty-0-0-3-package tar:///Users/craig/.npm/poolparty/0.0.3/package
67 silly lockFile fa63db4d--npm-poolparty-0-0-3-package-tgz tar:///Users/craig/.npm/poolparty/0.0.3/package.tgz
68 silly lockFile fa63db4d--npm-poolparty-0-0-3-package-tgz tar:///Users/craig/.npm/poolparty/0.0.3/package.tgz
69 verbose chmod /Users/craig/.npm/poolparty/0.0.3/package.tgz 644
70 verbose chown /Users/craig/.npm/poolparty/0.0.3/package.tgz [ 503, 20 ]
71 silly lockFile 3a52ce78- .
72 silly lockFile 3a52ce78- .
73 silly publish { name: 'poolparty',
73 silly publish   version: '0.0.3',
73 silly publish   description: '',
73 silly publish   main: './lib/index.js',
73 silly publish   directories: { test: 'test' },
73 silly publish   scripts: { test: 'mocha --reporter min' },
73 silly publish   repository:
73 silly publish    { type: 'git',
73 silly publish      url: 'git://github.com/classdojo/poolparty.js.git' },
73 silly publish   devDependencies: { mocha: '1.8.x', 'expect.js': '0.2.x' },
73 silly publish   author: '',
73 silly publish   license: 'BSD',
73 silly publish   readmeFilename: 'README.md',
73 silly publish   gitHead: '5ea0f204528d657f05c7f27782c4d6a6384819f9',
73 silly publish   dependencies: { protoclass: '0.0.x' },
73 silly publish   readme: '### Object Pooling & Recycling [![Alt ci](https://travis-ci.org/classdojo/poolparty.js.png)](https://travis-ci.org/classdojo/poolparty.js)\n\n\nPool Party was created to reduce the overhead of creating items that are expensive to create, such as DOM elements from a compiled template, views, etc. It\'s used in [paperclip.js](/classdojo/paperclip.js), and [mojo.js](/classdojo/mojo.js).\n\nFirst create an object that you want to add to the pool party:\n\n```javascript\n\nvar poolParty = require("poolparty");\n\nfunction SomeView (options) {\n  this.reset(options);\n}\n\n\nSomeView.prototype.render = function () {\n  // do something\n}\n\nSomeView.prototype.reset = function (options) {\n  // reset options on the view\n}\n\nSomeView.prototype.dispose = function () {\n  SomeView.pool.add(this);\n}\n\n\nSomeView.pool = poolParty({\n  create: function (options) {\n    return new SomeView(options);\n  },\n  recycle: function (someView, options) {\n    someView.reset(options);\n  }\n});\n\nmodule.exports = SomeView;\n```\n\nNext, use it:\n\n```javascript\nvar SomeView = require("./someView");\n\nvar view = SomeView.create({});\nview.render();\nview.dispose();\nconsole.log(SomeView.create({}) === view); // true\n```\n\n\n### API\n\n#### pool poolparty(options)\n\n- `max` - the max number of objects allowed in a pool\n- `min` - minimum number of items to use in the pool\n- `keepAliveTimeout` - the number of MS before destroying a stale object\n- `factory` - the function which creates a pool object\n- `recycle` - called whenever an object is recycled\n\n\n### pool.size()\n\nreturns the size of the pool\n\n### pool.drip()\n\nremoves one item from the pool\n\n### pool.drain()\n\nremoves all items from the pool except the min\n\n### object pool.add(item)\n\nAdds an object to the pool\n\n### object pool.create(options)\n\ncreates, or uses a recycled object\n\n\n### object.dispose()\n\ndisposes the object, and adds it back to the object pool\n\n\n\n',
73 silly publish   bugs: { url: 'https://github.com/classdojo/poolparty.js/issues' },
73 silly publish   homepage: 'https://github.com/classdojo/poolparty.js',
73 silly publish   _id: 'poolparty@0.0.3',
73 silly publish   dist: { shasum: 'e9d47cf05b5b4f72478d66d3b29672955c08ec18' },
73 silly publish   _from: '.' }
74 verbose url raw poolparty
75 verbose url resolving [ 'https://registry.npmjs.org/', './poolparty' ]
76 verbose url resolved https://registry.npmjs.org/poolparty
77 info trying registry request attempt 1 at 12:49:07
78 http PUT https://registry.npmjs.org/poolparty
79 http 409 https://registry.npmjs.org/poolparty
80 verbose url raw poolparty
81 verbose url resolving [ 'https://registry.npmjs.org/', './poolparty' ]
82 verbose url resolved https://registry.npmjs.org/poolparty
83 info trying registry request attempt 1 at 12:49:08
84 http GET https://registry.npmjs.org/poolparty
85 http 200 https://registry.npmjs.org/poolparty
86 error publish fail Cannot publish over existing version.
86 error publish fail Update the 'version' field in package.json and try again.
86 error publish fail
86 error publish fail If the previous version was published in error, see:
86 error publish fail     npm help unpublish
86 error publish fail
86 error publish fail To automatically increment version numbers, see:
86 error publish fail     npm help version
87 error System Darwin 13.0.0
88 error command "node" "/usr/local/bin/npm" "publish"
89 error cwd /Users/craig/Developer/jobs/classdojo/poolparty.js
90 error node -v v0.10.22
91 error npm -v 1.3.14
92 error code EPUBLISHCONFLICT
93 verbose exit [ 1, true ]
